  [1m[35m (325.3ms)[0m  [1m[35mCREATE DATABASE "people_and_houses_development" ENCODING = 'unicode'[0m
  ↳ /Users/jerrik_shaw/.rbenv/versions/2.3.1/bin/rake:23
  [1m[35m (311.9ms)[0m  [1m[35mCREATE DATABASE "people_and_houses_test" ENCODING = 'unicode'[0m
  ↳ /Users/jerrik_shaw/.rbenv/versions/2.3.1/bin/rake:23
  [1m[35m (5.6ms)[0m  [1m[35mCREATE TABLE "schema_migrations" ("version" character varying NOT NULL PRIMARY KEY)[0m
  ↳ /Users/jerrik_shaw/.rbenv/versions/2.3.1/bin/rake:23
  [1m[35m (5.9ms)[0m  [1m[35mCREATE TABLE "ar_internal_metadata" ("key" character varying NOT NULL PRIMARY KEY, "value" character varying, "created_at" timestamp NOT NULL, "updated_at" timestamp NOT NULL)[0m
  ↳ /Users/jerrik_shaw/.rbenv/versions/2.3.1/bin/rake:23
  [1m[35m (0.2ms)[0m  [1m[34mSELECT pg_try_advisory_lock(4554750830493701880)[0m
  ↳ /Users/jerrik_shaw/.rbenv/versions/2.3.1/bin/rake:23
  [1m[35m (0.7ms)[0m  [1m[34mSELECT "schema_migrations"."version" FROM "schema_migrations" ORDER BY "schema_migrations"."version" ASC[0m
  ↳ /Users/jerrik_shaw/.rbenv/versions/2.3.1/bin/rake:23
Migrating to CreatePeople (20181107044214)
  [1m[35m (0.2ms)[0m  [1m[35mBEGIN[0m
  ↳ /Users/jerrik_shaw/.rbenv/versions/2.3.1/bin/rake:23
  [1m[35m (5.1ms)[0m  [1m[35mCREATE TABLE "people" ("id" bigserial primary key, "name" character varying NOT NULL, "house_id" integer)[0m
  ↳ db/migrate/20181107044214_create_people.rb:3
  [1m[36mActiveRecord::SchemaMigration Create (0.6ms)[0m  [1m[32mINSERT INTO "schema_migrations" ("version") VALUES ($1) RETURNING "version"[0m  [["version", "20181107044214"]]
  ↳ /Users/jerrik_shaw/.rbenv/versions/2.3.1/bin/rake:23
  [1m[35m (0.5ms)[0m  [1m[35mCOMMIT[0m
  ↳ /Users/jerrik_shaw/.rbenv/versions/2.3.1/bin/rake:23
  [1m[36mActiveRecord::InternalMetadata Load (0.4ms)[0m  [1m[34mSELECT  "ar_internal_metadata".* FROM "ar_internal_metadata" WHERE "ar_internal_metadata"."key" = $1 LIMIT $2[0m  [["key", "environment"], ["LIMIT", 1]]
  ↳ /Users/jerrik_shaw/.rbenv/versions/2.3.1/bin/rake:23
  [1m[35m (0.1ms)[0m  [1m[35mBEGIN[0m
  ↳ /Users/jerrik_shaw/.rbenv/versions/2.3.1/bin/rake:23
  [1m[36mActiveRecord::InternalMetadata Create (0.4ms)[0m  [1m[32mINSERT INTO "ar_internal_metadata" ("key", "value", "created_at", "updated_at") VALUES ($1, $2, $3, $4) RETURNING "key"[0m  [["key", "environment"], ["value", "development"], ["created_at", "2018-11-07 04:44:59.273288"], ["updated_at", "2018-11-07 04:44:59.273288"]]
  ↳ /Users/jerrik_shaw/.rbenv/versions/2.3.1/bin/rake:23
  [1m[35m (0.4ms)[0m  [1m[35mCOMMIT[0m
  ↳ /Users/jerrik_shaw/.rbenv/versions/2.3.1/bin/rake:23
  [1m[35m (0.2ms)[0m  [1m[34mSELECT pg_advisory_unlock(4554750830493701880)[0m
  ↳ /Users/jerrik_shaw/.rbenv/versions/2.3.1/bin/rake:23
  [1m[35m (0.3ms)[0m  [1m[34mSELECT "schema_migrations"."version" FROM "schema_migrations" ORDER BY "schema_migrations"."version" ASC[0m
  ↳ /Users/jerrik_shaw/.rbenv/versions/2.3.1/bin/rake:23
  [1m[35m (0.2ms)[0m  [1m[34mSELECT pg_try_advisory_lock(4554750830493701880)[0m
  ↳ /Users/jerrik_shaw/.rbenv/versions/2.3.1/bin/rake:23
  [1m[35m (0.6ms)[0m  [1m[34mSELECT "schema_migrations"."version" FROM "schema_migrations" ORDER BY "schema_migrations"."version" ASC[0m
  ↳ /Users/jerrik_shaw/.rbenv/versions/2.3.1/bin/rake:23
Migrating to CreateHouse (20181107044703)
  [1m[35m (0.1ms)[0m  [1m[35mBEGIN[0m
  ↳ /Users/jerrik_shaw/.rbenv/versions/2.3.1/bin/rake:23
  [1m[35m (5.1ms)[0m  [1m[35mCREATE TABLE "houses" ("id" bigserial primary key, "adress" character varying NOT NULL)[0m
  ↳ db/migrate/20181107044703_create_house.rb:3
  [1m[36mActiveRecord::SchemaMigration Create (0.5ms)[0m  [1m[32mINSERT INTO "schema_migrations" ("version") VALUES ($1) RETURNING "version"[0m  [["version", "20181107044703"]]
  ↳ /Users/jerrik_shaw/.rbenv/versions/2.3.1/bin/rake:23
  [1m[35m (0.5ms)[0m  [1m[35mCOMMIT[0m
  ↳ /Users/jerrik_shaw/.rbenv/versions/2.3.1/bin/rake:23
  [1m[36mActiveRecord::InternalMetadata Load (0.3ms)[0m  [1m[34mSELECT  "ar_internal_metadata".* FROM "ar_internal_metadata" WHERE "ar_internal_metadata"."key" = $1 LIMIT $2[0m  [["key", "environment"], ["LIMIT", 1]]
  ↳ /Users/jerrik_shaw/.rbenv/versions/2.3.1/bin/rake:23
  [1m[35m (0.1ms)[0m  [1m[35mBEGIN[0m
  ↳ /Users/jerrik_shaw/.rbenv/versions/2.3.1/bin/rake:23
  [1m[35m (0.2ms)[0m  [1m[35mCOMMIT[0m
  ↳ /Users/jerrik_shaw/.rbenv/versions/2.3.1/bin/rake:23
  [1m[35m (0.2ms)[0m  [1m[34mSELECT pg_advisory_unlock(4554750830493701880)[0m
  ↳ /Users/jerrik_shaw/.rbenv/versions/2.3.1/bin/rake:23
  [1m[35m (0.3ms)[0m  [1m[34mSELECT "schema_migrations"."version" FROM "schema_migrations" ORDER BY "schema_migrations"."version" ASC[0m
  ↳ /Users/jerrik_shaw/.rbenv/versions/2.3.1/bin/rake:23
